<?xml version="1.0" encoding="UTF-8"?>
<!-- Generated by org.testng.reporters.JUnitXMLReporter -->
<testsuite ignored="2" hostname="DESKTOP-L9TD1GF" failures="0" tests="1" name="Default test" time="0.119" errors="0" timestamp="2024-01-24T11:20:54 IST">
  <testcase classname="practise_package.SampleTest" name="sampleTest2" time="0.018"/>
  <testcase classname="practise_package.SampleTest" name="sampleTest1" time="0.0">
    <ignored/>
  </testcase> <!-- sampleTest1 -->
  <testcase classname="practise_package.SampleTest" name="sampleTest" time="0.0">
    <ignored/>
  </testcase> <!-- sampleTest -->
</testsuite> <!-- Default test -->
