<?xml version="1.0" encoding="UTF-8"?>
<!-- Generated by org.testng.reporters.JUnitXMLReporter -->
<testsuite ignored="0" hostname="DESKTOP-L9TD1GF" failures="0" tests="3" name="Default test" time="0.194" errors="0" timestamp="2024-01-29T18:16:15 IST">
  <testcase classname="practise_package.mastercreated" name="masterTest" time="0.024"/>
  <testcase classname="practise_package.mastercreated" name="masterTest1" time="0.007"/>
  <testcase classname="practise_package.mastercreated" name="masterTest2" time="0.004"/>
</testsuite> <!-- Default test -->
