<?xml version="1.0" encoding="UTF-8"?>
<!-- Generated by org.testng.reporters.JUnitXMLReporter -->
<testsuite ignored="3" hostname="DESKTOP-L9TD1GF" failures="0" tests="6" name="Test" time="0.242" errors="0" timestamp="2024-01-24T11:24:00 IST">
  <testcase classname="practise_package.SampleTest" name="sampleTest" time="0.033"/>
  <testcase classname="practise_package.Practise_test" name="practiseTest" time="0.046"/>
  <testcase classname="practise_package.DemoTest" name="demoTest" time="0.058"/>
  <testcase classname="practise_package.DemoTest" name="demoTest1" time="0.003"/>
  <testcase classname="practise_package.SampleTest" name="sampleTest1" time="0.003"/>
  <testcase classname="practise_package.Practise_test" name="practiseTest1" time="0.005"/>
  <testcase classname="practise_package.SampleTest" name="sampleTest2" time="0.0">
    <ignored/>
  </testcase> <!-- sampleTest2 -->
  <testcase classname="practise_package.Practise_test" name="practiseTest2" time="0.0">
    <ignored/>
  </testcase> <!-- practiseTest2 -->
  <testcase classname="practise_package.DemoTest" name="demoTest2" time="0.0">
    <ignored/>
  </testcase> <!-- demoTest2 -->
</testsuite> <!-- Test -->
