<?xml version="1.0" encoding="UTF-8"?>
<testng-results ignored="0" total="5" passed="5" failed="0" skipped="0">
  <reporter-output>
  </reporter-output>
  <suite started-at="2024-01-24T16:19:58 IST" name="Default suite" finished-at="2024-01-24T16:19:58 IST" duration-ms="126">
    <groups>
      <group name="regression">
        <method signature="Practise_test.practiseTest1()[pri:0, instance:practise_package.Practise_test@470f1802]" name="practiseTest1" class="practise_package.Practise_test"/>
        <method signature="Practise_test.practiseTest3()[pri:0, instance:practise_package.Practise_test@470f1802]" name="practiseTest3" class="practise_package.Practise_test"/>
      </group> <!-- regression -->
      <group name="smoke">
        <method signature="Practise_test.practiseTest()[pri:0, instance:practise_package.Practise_test@470f1802]" name="practiseTest" class="practise_package.Practise_test"/>
        <method signature="Practise_test.practiseTest2()[pri:0, instance:practise_package.Practise_test@470f1802]" name="practiseTest2" class="practise_package.Practise_test"/>
        <method signature="Practise_test.practiseTest4()[pri:0, instance:practise_package.Practise_test@470f1802]" name="practiseTest4" class="practise_package.Practise_test"/>
      </group> <!-- smoke -->
    </groups>
    <test started-at="2024-01-24T16:19:58 IST" name="Default test" finished-at="2024-01-24T16:19:58 IST" duration-ms="126">
      <class name="practise_package.Practise_test">
        <test-method signature="practiseTest()[pri:0, instance:practise_package.Practise_test@470f1802]" started-at="2024-01-24T16:19:58 IST" name="practiseTest" finished-at="2024-01-24T16:19:58 IST" duration-ms="23" status="PASS">
          <reporter-output>
          </reporter-output>
        </test-method> <!-- practiseTest -->
        <test-method signature="practiseTest1()[pri:0, instance:practise_package.Practise_test@470f1802]" started-at="2024-01-24T16:19:58 IST" name="practiseTest1" finished-at="2024-01-24T16:19:58 IST" duration-ms="5" status="PASS">
          <reporter-output>
          </reporter-output>
        </test-method> <!-- practiseTest1 -->
        <test-method signature="practiseTest2()[pri:0, instance:practise_package.Practise_test@470f1802]" started-at="2024-01-24T16:19:58 IST" name="practiseTest2" finished-at="2024-01-24T16:19:58 IST" duration-ms="3" status="PASS">
          <reporter-output>
          </reporter-output>
        </test-method> <!-- practiseTest2 -->
        <test-method signature="practiseTest3()[pri:0, instance:practise_package.Practise_test@470f1802]" started-at="2024-01-24T16:19:58 IST" name="practiseTest3" finished-at="2024-01-24T16:19:58 IST" duration-ms="3" status="PASS">
          <reporter-output>
          </reporter-output>
        </test-method> <!-- practiseTest3 -->
        <test-method signature="practiseTest4()[pri:0, instance:practise_package.Practise_test@470f1802]" started-at="2024-01-24T16:19:58 IST" name="practiseTest4" finished-at="2024-01-24T16:19:58 IST" duration-ms="3" status="PASS">
          <reporter-output>
          </reporter-output>
        </test-method> <!-- practiseTest4 -->
      </class> <!-- practise_package.Practise_test -->
    </test> <!-- Default test -->
  </suite> <!-- Default suite -->
</testng-results>
