<?xml version="1.0" encoding="UTF-8"?>
<testng-results ignored="0" total="3" passed="3" failed="0" skipped="0">
  <reporter-output>
  </reporter-output>
  <suite started-at="2024-01-29T18:16:15 IST" name="Default suite" finished-at="2024-01-29T18:16:15 IST" duration-ms="194">
    <groups>
      <group name="smoke">
        <method signature="mastercreated.masterTest()[pri:0, instance:practise_package.mastercreated@173ed316]" name="masterTest" class="practise_package.mastercreated"/>
        <method signature="mastercreated.masterTest1()[pri:0, instance:practise_package.mastercreated@173ed316]" name="masterTest1" class="practise_package.mastercreated"/>
        <method signature="mastercreated.masterTest2()[pri:0, instance:practise_package.mastercreated@173ed316]" name="masterTest2" class="practise_package.mastercreated"/>
      </group> <!-- smoke -->
    </groups>
    <test started-at="2024-01-29T18:16:15 IST" name="Default test" finished-at="2024-01-29T18:16:15 IST" duration-ms="194">
      <class name="practise_package.mastercreated">
        <test-method signature="masterTest()[pri:0, instance:practise_package.mastercreated@173ed316]" started-at="2024-01-29T18:16:15 IST" name="masterTest" finished-at="2024-01-29T18:16:15 IST" duration-ms="24" status="PASS">
          <reporter-output>
          </reporter-output>
        </test-method> <!-- masterTest -->
        <test-method signature="masterTest1()[pri:0, instance:practise_package.mastercreated@173ed316]" started-at="2024-01-29T18:16:15 IST" name="masterTest1" finished-at="2024-01-29T18:16:15 IST" duration-ms="7" status="PASS">
          <reporter-output>
          </reporter-output>
        </test-method> <!-- masterTest1 -->
        <test-method signature="masterTest2()[pri:0, instance:practise_package.mastercreated@173ed316]" started-at="2024-01-29T18:16:15 IST" name="masterTest2" finished-at="2024-01-29T18:16:15 IST" duration-ms="4" status="PASS">
          <reporter-output>
          </reporter-output>
        </test-method> <!-- masterTest2 -->
      </class> <!-- practise_package.mastercreated -->
    </test> <!-- Default test -->
  </suite> <!-- Default suite -->
</testng-results>
