<?xml version="1.0" encoding="UTF-8"?>
<!-- Generated by org.testng.reporters.JUnitXMLReporter -->
<testsuite ignored="0" hostname="DESKTOP-L9TD1GF" failures="0" tests="5" name="Default test" time="0.126" errors="0" timestamp="2024-01-24T16:19:58 IST">
  <testcase classname="practise_package.Practise_test" name="practiseTest" time="0.023"/>
  <testcase classname="practise_package.Practise_test" name="practiseTest1" time="0.005"/>
  <testcase classname="practise_package.Practise_test" name="practiseTest2" time="0.003"/>
  <testcase classname="practise_package.Practise_test" name="practiseTest3" time="0.003"/>
  <testcase classname="practise_package.Practise_test" name="practiseTest4" time="0.003"/>
</testsuite> <!-- Default test -->
